<?xml version="1.0" encoding="UTF-8"?>
<!-- Generated by org.testng.reporters.JUnitXMLReporter -->
<testsuite ignored="0" hostname="DESKTOP-0BC8ILQ" failures="0" tests="4" name="Default test" time="11.539" errors="0" timestamp="2022-07-21T19:51:28 IST">
  <testcase classname="com.qc.tests.RegisterTest" name="doRegister" time="0.31"/>
  <testcase classname="com.qc.tests.RegisterTest" name="doRegister" time="0.406"/>
  <testcase classname="com.qc.tests.RegisterTest" name="doRegister" time="0.39"/>
  <testcase classname="com.qc.tests.RegisterTest" name="doRegister" time="0.357"/>
</testsuite> <!-- Default test -->
