<?xml version="1.0" encoding="UTF-8"?>
<!-- Generated by org.testng.reporters.JUnitXMLReporter -->
<testsuite ignored="0" hostname="DESKTOP-C7ALN6B" failures="0" tests="7" name="Default test" time="4.542" errors="0" timestamp="2024-01-06T09:31:37 IST">
  <testcase classname="com.qc.tests.LoginTest" name="doLogin" time="0.27"/>
  <testcase classname="com.qc.tests.LoginTest" name="doLogin" time="0.225"/>
  <testcase classname="com.qc.tests.LoginTest" name="doLogin" time="0.263"/>
  <testcase classname="com.qc.tests.LoginTest" name="doLogin" time="0.246"/>
  <testcase classname="com.qc.tests.LoginTest" name="doLogin" time="0.277"/>
  <testcase classname="com.qc.tests.LoginTest" name="doLogin" time="0.252"/>
  <testcase classname="com.qc.tests.LoginTest" name="doLogin" time="0.78"/>
</testsuite> <!-- Default test -->
