<?xml version="1.0" encoding="UTF-8"?>
<!-- Generated by org.testng.reporters.JUnitXMLReporter -->
<testsuite ignored="0" hostname="DESKTOP-C7ALN6B" failures="0" tests="13" name="Test" time="11.099" errors="0" timestamp="2024-01-06T09:35:30 IST">
  <testcase classname="com.qc.tests.LoginTest" name="doLogin" time="0.349"/>
  <testcase classname="com.qc.tests.LoginTest" name="doLogin" time="0.236"/>
  <testcase classname="com.qc.tests.LoginTest" name="doLogin" time="0.292"/>
  <testcase classname="com.qc.tests.LoginTest" name="doLogin" time="0.336"/>
  <testcase classname="com.qc.tests.LoginTest" name="doLogin" time="0.31"/>
  <testcase classname="com.qc.tests.LoginTest" name="doLogin" time="0.31"/>
  <testcase classname="com.qc.tests.LoginTest" name="doLogin" time="0.877"/>
  <testcase classname="com.qc.tests.RegisterTest" name="doRegister" time="0.687"/>
  <testcase classname="com.qc.tests.RegisterTest" name="doRegister" time="0.564"/>
  <testcase classname="com.qc.tests.RegisterTest" name="doRegister" time="0.546"/>
  <testcase classname="com.qc.tests.RegisterTest" name="doRegister" time="0.479"/>
  <testcase classname="com.qc.tests.RegisterTest" name="doRegister" time="0.507"/>
  <testcase classname="com.qc.tests.RegisterTest" name="doRegister" time="0.491"/>
</testsuite> <!-- Test -->
