<?xml version="1.0" encoding="UTF-8"?>
<!-- Generated by org.testng.reporters.JUnitXMLReporter -->
<testsuite ignored="0" hostname="DESKTOP-0BC8ILQ" failures="0" tests="11" name="Test" time="30.609" errors="0" timestamp="2022-07-21T20:00:22 IST">
  <testcase classname="com.qc.tests.RegisterTest" name="doRegister" time="0.381"/>
  <testcase classname="com.qc.tests.RegisterTest" name="doRegister" time="0.775"/>
  <testcase classname="com.qc.tests.RegisterTest" name="doRegister" time="0.445"/>
  <testcase classname="com.qc.tests.RegisterTest" name="doRegister" time="0.408"/>
  <testcase classname="com.qc.tests.LoginTest" name="doLogin" time="0.243"/>
  <testcase classname="com.qc.tests.LoginTest" name="doLogin" time="0.18"/>
  <testcase classname="com.qc.tests.LoginTest" name="doLogin" time="0.189"/>
  <testcase classname="com.qc.tests.LoginTest" name="doLogin" time="0.179"/>
  <testcase classname="com.qc.tests.LoginTest" name="doLogin" time="0.345"/>
  <testcase classname="com.qc.tests.LoginTest" name="doLogin" time="0.221"/>
  <testcase classname="com.qc.tests.LoginTest" name="doLogin" time="1.114"/>
</testsuite> <!-- Test -->
