<?xml version="1.0" encoding="UTF-8"?>
<testng-results ignored="0" total="13" passed="13" failed="0" skipped="0">
  <reporter-output>
  </reporter-output>
  <suite started-at="2024-01-06T09:35:19 IST" name="Suite" finished-at="2024-01-06T09:35:30 IST" duration-ms="11099">
    <groups>
    </groups>
    <test started-at="2024-01-06T09:35:19 IST" name="Test" finished-at="2024-01-06T09:35:30 IST" duration-ms="11099">
      <class name="com.qc.tests.LoginTest">
        <test-method is-config="true" signature="setup()[pri:0, instance:com.qc.tests.LoginTest@236e3f4e]" started-at="2024-01-06T09:35:11 IST" name="setup" finished-at="2024-01-06T09:35:16 IST" duration-ms="5161" status="PASS">
          <reporter-output>
          </reporter-output>
        </test-method> <!-- setup -->
        <test-method is-config="true" signature="locateElement()[pri:0, instance:com.qc.tests.LoginTest@236e3f4e]" started-at="2024-01-06T09:35:20 IST" name="locateElement" finished-at="2024-01-06T09:35:20 IST" duration-ms="236" status="PASS">
          <reporter-output>
          </reporter-output>
        </test-method> <!-- locateElement -->
        <test-method signature="doLogin(java.lang.String,java.lang.String,java.lang.String)[pri:0, instance:com.qc.tests.LoginTest@236e3f4e]" started-at="2024-01-06T09:35:20 IST" name="doLogin" data-provider="loginData" finished-at="2024-01-06T09:35:20 IST" duration-ms="349" status="PASS">
          <params>
            <param index="0">
              <value>
                <![CDATA[Both are empty]]>
              </value>
            </param>
            <param index="1">
              <value>
                <![CDATA[]]>
              </value>
            </param>
            <param index="2">
              <value>
                <![CDATA[]]>
              </value>
            </param>
          </params>
          <reporter-output>
          </reporter-output>
        </test-method> <!-- doLogin -->
        <test-method is-config="true" signature="doAssert()[pri:0, instance:com.qc.tests.LoginTest@236e3f4e]" started-at="2024-01-06T09:35:20 IST" name="doAssert" finished-at="2024-01-06T09:35:20 IST" duration-ms="21" status="PASS">
          <reporter-output>
          </reporter-output>
        </test-method> <!-- doAssert -->
        <test-method is-config="true" signature="locateElement()[pri:0, instance:com.qc.tests.LoginTest@236e3f4e]" started-at="2024-01-06T09:35:20 IST" name="locateElement" finished-at="2024-01-06T09:35:20 IST" duration-ms="142" status="PASS">
          <reporter-output>
          </reporter-output>
        </test-method> <!-- locateElement -->
        <test-method signature="doLogin(java.lang.String,java.lang.String,java.lang.String)[pri:0, instance:com.qc.tests.LoginTest@236e3f4e]" started-at="2024-01-06T09:35:20 IST" name="doLogin" data-provider="loginData" finished-at="2024-01-06T09:35:21 IST" duration-ms="236" status="PASS">
          <params>
            <param index="0">
              <value>
                <![CDATA[Email is empty]]>
              </value>
            </param>
            <param index="1">
              <value>
                <![CDATA[]]>
              </value>
            </param>
            <param index="2">
              <value>
                <![CDATA[123456]]>
              </value>
            </param>
          </params>
          <reporter-output>
          </reporter-output>
        </test-method> <!-- doLogin -->
        <test-method is-config="true" signature="doAssert()[pri:0, instance:com.qc.tests.LoginTest@236e3f4e]" started-at="2024-01-06T09:35:21 IST" name="doAssert" finished-at="2024-01-06T09:35:21 IST" duration-ms="17" status="PASS">
          <reporter-output>
          </reporter-output>
        </test-method> <!-- doAssert -->
        <test-method is-config="true" signature="locateElement()[pri:0, instance:com.qc.tests.LoginTest@236e3f4e]" started-at="2024-01-06T09:35:21 IST" name="locateElement" finished-at="2024-01-06T09:35:21 IST" duration-ms="149" status="PASS">
          <reporter-output>
          </reporter-output>
        </test-method> <!-- locateElement -->
        <test-method signature="doLogin(java.lang.String,java.lang.String,java.lang.String)[pri:0, instance:com.qc.tests.LoginTest@236e3f4e]" started-at="2024-01-06T09:35:21 IST" name="doLogin" data-provider="loginData" finished-at="2024-01-06T09:35:21 IST" duration-ms="292" status="PASS">
          <params>
            <param index="0">
              <value>
                <![CDATA[Password is empty]]>
              </value>
            </param>
            <param index="1">
              <value>
                <![CDATA[queuecodes@gmail.com]]>
              </value>
            </param>
            <param index="2">
              <value>
                <![CDATA[]]>
              </value>
            </param>
          </params>
          <reporter-output>
          </reporter-output>
        </test-method> <!-- doLogin -->
        <test-method is-config="true" signature="doAssert()[pri:0, instance:com.qc.tests.LoginTest@236e3f4e]" started-at="2024-01-06T09:35:21 IST" name="doAssert" finished-at="2024-01-06T09:35:21 IST" duration-ms="19" status="PASS">
          <reporter-output>
          </reporter-output>
        </test-method> <!-- doAssert -->
        <test-method is-config="true" signature="locateElement()[pri:0, instance:com.qc.tests.LoginTest@236e3f4e]" started-at="2024-01-06T09:35:21 IST" name="locateElement" finished-at="2024-01-06T09:35:21 IST" duration-ms="215" status="PASS">
          <reporter-output>
          </reporter-output>
        </test-method> <!-- locateElement -->
        <test-method signature="doLogin(java.lang.String,java.lang.String,java.lang.String)[pri:0, instance:com.qc.tests.LoginTest@236e3f4e]" started-at="2024-01-06T09:35:21 IST" name="doLogin" data-provider="loginData" finished-at="2024-01-06T09:35:22 IST" duration-ms="336" status="PASS">
          <params>
            <param index="0">
              <value>
                <![CDATA[Both are invalid]]>
              </value>
            </param>
            <param index="1">
              <value>
                <![CDATA[queuecodes]]>
              </value>
            </param>
            <param index="2">
              <value>
                <![CDATA[123456]]>
              </value>
            </param>
          </params>
          <reporter-output>
          </reporter-output>
        </test-method> <!-- doLogin -->
        <test-method is-config="true" signature="doAssert()[pri:0, instance:com.qc.tests.LoginTest@236e3f4e]" started-at="2024-01-06T09:35:22 IST" name="doAssert" finished-at="2024-01-06T09:35:22 IST" duration-ms="34" status="PASS">
          <reporter-output>
          </reporter-output>
        </test-method> <!-- doAssert -->
        <test-method is-config="true" signature="locateElement()[pri:0, instance:com.qc.tests.LoginTest@236e3f4e]" started-at="2024-01-06T09:35:22 IST" name="locateElement" finished-at="2024-01-06T09:35:22 IST" duration-ms="194" status="PASS">
          <reporter-output>
          </reporter-output>
        </test-method> <!-- locateElement -->
        <test-method signature="doLogin(java.lang.String,java.lang.String,java.lang.String)[pri:0, instance:com.qc.tests.LoginTest@236e3f4e]" started-at="2024-01-06T09:35:22 IST" name="doLogin" data-provider="loginData" finished-at="2024-01-06T09:35:22 IST" duration-ms="310" status="PASS">
          <params>
            <param index="0">
              <value>
                <![CDATA[Password is invalid]]>
              </value>
            </param>
            <param index="1">
              <value>
                <![CDATA[queuecodes@gmail.com]]>
              </value>
            </param>
            <param index="2">
              <value>
                <![CDATA[12345]]>
              </value>
            </param>
          </params>
          <reporter-output>
          </reporter-output>
        </test-method> <!-- doLogin -->
        <test-method is-config="true" signature="doAssert()[pri:0, instance:com.qc.tests.LoginTest@236e3f4e]" started-at="2024-01-06T09:35:22 IST" name="doAssert" finished-at="2024-01-06T09:35:22 IST" duration-ms="10" status="PASS">
          <reporter-output>
          </reporter-output>
        </test-method> <!-- doAssert -->
        <test-method is-config="true" signature="locateElement()[pri:0, instance:com.qc.tests.LoginTest@236e3f4e]" started-at="2024-01-06T09:35:22 IST" name="locateElement" finished-at="2024-01-06T09:35:23 IST" duration-ms="205" status="PASS">
          <reporter-output>
          </reporter-output>
        </test-method> <!-- locateElement -->
        <test-method signature="doLogin(java.lang.String,java.lang.String,java.lang.String)[pri:0, instance:com.qc.tests.LoginTest@236e3f4e]" started-at="2024-01-06T09:35:23 IST" name="doLogin" data-provider="loginData" finished-at="2024-01-06T09:35:23 IST" duration-ms="310" status="PASS">
          <params>
            <param index="0">
              <value>
                <![CDATA[Email is invalid]]>
              </value>
            </param>
            <param index="1">
              <value>
                <![CDATA[queuecodes@gmail]]>
              </value>
            </param>
            <param index="2">
              <value>
                <![CDATA[12345]]>
              </value>
            </param>
          </params>
          <reporter-output>
          </reporter-output>
        </test-method> <!-- doLogin -->
        <test-method is-config="true" signature="doAssert()[pri:0, instance:com.qc.tests.LoginTest@236e3f4e]" started-at="2024-01-06T09:35:23 IST" name="doAssert" finished-at="2024-01-06T09:35:23 IST" duration-ms="12" status="PASS">
          <reporter-output>
          </reporter-output>
        </test-method> <!-- doAssert -->
        <test-method is-config="true" signature="locateElement()[pri:0, instance:com.qc.tests.LoginTest@236e3f4e]" started-at="2024-01-06T09:35:23 IST" name="locateElement" finished-at="2024-01-06T09:35:23 IST" duration-ms="155" status="PASS">
          <reporter-output>
          </reporter-output>
        </test-method> <!-- locateElement -->
        <test-method signature="doLogin(java.lang.String,java.lang.String,java.lang.String)[pri:0, instance:com.qc.tests.LoginTest@236e3f4e]" started-at="2024-01-06T09:35:23 IST" name="doLogin" data-provider="loginData" finished-at="2024-01-06T09:35:24 IST" duration-ms="877" status="PASS">
          <params>
            <param index="0">
              <value>
                <![CDATA[Both are valid]]>
              </value>
            </param>
            <param index="1">
              <value>
                <![CDATA[queuecodes@gmail.com]]>
              </value>
            </param>
            <param index="2">
              <value>
                <![CDATA[123456]]>
              </value>
            </param>
          </params>
          <reporter-output>
          </reporter-output>
        </test-method> <!-- doLogin -->
        <test-method is-config="true" signature="doAssert()[pri:0, instance:com.qc.tests.LoginTest@236e3f4e]" started-at="2024-01-06T09:35:24 IST" name="doAssert" finished-at="2024-01-06T09:35:24 IST" duration-ms="478" status="PASS">
          <reporter-output>
          </reporter-output>
        </test-method> <!-- doAssert -->
        <test-method is-config="true" signature="tearDown()[pri:0, instance:com.qc.tests.LoginTest@236e3f4e]" started-at="2024-01-06T09:35:31 IST" name="tearDown" finished-at="2024-01-06T09:35:31 IST" duration-ms="286" status="PASS">
          <reporter-output>
          </reporter-output>
        </test-method> <!-- tearDown -->
      </class> <!-- com.qc.tests.LoginTest -->
      <class name="com.qc.tests.RegisterTest">
        <test-method is-config="true" signature="setup()[pri:0, instance:com.qc.tests.RegisterTest@5552768b]" started-at="2024-01-06T09:35:16 IST" name="setup" finished-at="2024-01-06T09:35:19 IST" duration-ms="3099" status="PASS">
          <reporter-output>
          </reporter-output>
        </test-method> <!-- setup -->
        <test-method is-config="true" signature="locateElement()[pri:0, instance:com.qc.tests.RegisterTest@5552768b]" started-at="2024-01-06T09:35:24 IST" name="locateElement" finished-at="2024-01-06T09:35:25 IST" duration-ms="725" status="PASS">
          <reporter-output>
          </reporter-output>
        </test-method> <!-- locateElement -->
        <test-method signature="doRegister(java.lang.String,java.lang.String,java.lang.String,java.lang.String,java.lang.String)[pri:0, instance:com.qc.tests.RegisterTest@5552768b]" started-at="2024-01-06T09:35:25 IST" name="doRegister" data-provider="registerData" finished-at="2024-01-06T09:35:26 IST" duration-ms="687" status="PASS">
          <params>
            <param index="0">
              <value>
                <![CDATA[All are empty]]>
              </value>
            </param>
            <param index="1">
              <value>
                <![CDATA[]]>
              </value>
            </param>
            <param index="2">
              <value>
                <![CDATA[]]>
              </value>
            </param>
            <param index="3">
              <value>
                <![CDATA[]]>
              </value>
            </param>
            <param index="4">
              <value>
                <![CDATA[]]>
              </value>
            </param>
          </params>
          <reporter-output>
          </reporter-output>
        </test-method> <!-- doRegister -->
        <test-method is-config="true" signature="doAssert()[pri:0, instance:com.qc.tests.RegisterTest@5552768b]" started-at="2024-01-06T09:35:26 IST" name="doAssert" finished-at="2024-01-06T09:35:26 IST" duration-ms="27" status="PASS">
          <reporter-output>
          </reporter-output>
        </test-method> <!-- doAssert -->
        <test-method is-config="true" signature="locateElement()[pri:0, instance:com.qc.tests.RegisterTest@5552768b]" started-at="2024-01-06T09:35:26 IST" name="locateElement" finished-at="2024-01-06T09:35:26 IST" duration-ms="274" status="PASS">
          <reporter-output>
          </reporter-output>
        </test-method> <!-- locateElement -->
        <test-method signature="doRegister(java.lang.String,java.lang.String,java.lang.String,java.lang.String,java.lang.String)[pri:0, instance:com.qc.tests.RegisterTest@5552768b]" started-at="2024-01-06T09:35:26 IST" name="doRegister" data-provider="registerData" finished-at="2024-01-06T09:35:27 IST" duration-ms="564" status="PASS">
          <params>
            <param index="0">
              <value>
                <![CDATA[Name is empty]]>
              </value>
            </param>
            <param index="1">
              <value>
                <![CDATA[]]>
              </value>
            </param>
            <param index="2">
              <value>
                <![CDATA[91454254]]>
              </value>
            </param>
            <param index="3">
              <value>
                <![CDATA[queue@gmail.com]]>
              </value>
            </param>
            <param index="4">
              <value>
                <![CDATA[123456]]>
              </value>
            </param>
          </params>
          <reporter-output>
          </reporter-output>
        </test-method> <!-- doRegister -->
        <test-method is-config="true" signature="doAssert()[pri:0, instance:com.qc.tests.RegisterTest@5552768b]" started-at="2024-01-06T09:35:27 IST" name="doAssert" finished-at="2024-01-06T09:35:27 IST" duration-ms="30" status="PASS">
          <reporter-output>
          </reporter-output>
        </test-method> <!-- doAssert -->
        <test-method is-config="true" signature="locateElement()[pri:0, instance:com.qc.tests.RegisterTest@5552768b]" started-at="2024-01-06T09:35:27 IST" name="locateElement" finished-at="2024-01-06T09:35:27 IST" duration-ms="404" status="PASS">
          <reporter-output>
          </reporter-output>
        </test-method> <!-- locateElement -->
        <test-method signature="doRegister(java.lang.String,java.lang.String,java.lang.String,java.lang.String,java.lang.String)[pri:0, instance:com.qc.tests.RegisterTest@5552768b]" started-at="2024-01-06T09:35:27 IST" name="doRegister" data-provider="registerData" finished-at="2024-01-06T09:35:28 IST" duration-ms="546" status="PASS">
          <params>
            <param index="0">
              <value>
                <![CDATA[Mobile is empty]]>
              </value>
            </param>
            <param index="1">
              <value>
                <![CDATA[queueu]]>
              </value>
            </param>
            <param index="2">
              <value>
                <![CDATA[]]>
              </value>
            </param>
            <param index="3">
              <value>
                <![CDATA[queue@gmail.com]]>
              </value>
            </param>
            <param index="4">
              <value>
                <![CDATA[123456]]>
              </value>
            </param>
          </params>
          <reporter-output>
          </reporter-output>
        </test-method> <!-- doRegister -->
        <test-method is-config="true" signature="doAssert()[pri:0, instance:com.qc.tests.RegisterTest@5552768b]" started-at="2024-01-06T09:35:28 IST" name="doAssert" finished-at="2024-01-06T09:35:28 IST" duration-ms="13" status="PASS">
          <reporter-output>
          </reporter-output>
        </test-method> <!-- doAssert -->
        <test-method is-config="true" signature="locateElement()[pri:0, instance:com.qc.tests.RegisterTest@5552768b]" started-at="2024-01-06T09:35:28 IST" name="locateElement" finished-at="2024-01-06T09:35:28 IST" duration-ms="337" status="PASS">
          <reporter-output>
          </reporter-output>
        </test-method> <!-- locateElement -->
        <test-method signature="doRegister(java.lang.String,java.lang.String,java.lang.String,java.lang.String,java.lang.String)[pri:0, instance:com.qc.tests.RegisterTest@5552768b]" started-at="2024-01-06T09:35:28 IST" name="doRegister" data-provider="registerData" finished-at="2024-01-06T09:35:28 IST" duration-ms="479" status="PASS">
          <params>
            <param index="0">
              <value>
                <![CDATA[Email is empty]]>
              </value>
            </param>
            <param index="1">
              <value>
                <![CDATA[queueu]]>
              </value>
            </param>
            <param index="2">
              <value>
                <![CDATA[91454254]]>
              </value>
            </param>
            <param index="3">
              <value>
                <![CDATA[]]>
              </value>
            </param>
            <param index="4">
              <value>
                <![CDATA[123456]]>
              </value>
            </param>
          </params>
          <reporter-output>
          </reporter-output>
        </test-method> <!-- doRegister -->
        <test-method is-config="true" signature="doAssert()[pri:0, instance:com.qc.tests.RegisterTest@5552768b]" started-at="2024-01-06T09:35:28 IST" name="doAssert" finished-at="2024-01-06T09:35:29 IST" duration-ms="17" status="PASS">
          <reporter-output>
          </reporter-output>
        </test-method> <!-- doAssert -->
        <test-method is-config="true" signature="locateElement()[pri:0, instance:com.qc.tests.RegisterTest@5552768b]" started-at="2024-01-06T09:35:29 IST" name="locateElement" finished-at="2024-01-06T09:35:29 IST" duration-ms="289" status="PASS">
          <reporter-output>
          </reporter-output>
        </test-method> <!-- locateElement -->
        <test-method signature="doRegister(java.lang.String,java.lang.String,java.lang.String,java.lang.String,java.lang.String)[pri:0, instance:com.qc.tests.RegisterTest@5552768b]" started-at="2024-01-06T09:35:29 IST" name="doRegister" data-provider="registerData" finished-at="2024-01-06T09:35:29 IST" duration-ms="507" status="PASS">
          <params>
            <param index="0">
              <value>
                <![CDATA[Password is empty]]>
              </value>
            </param>
            <param index="1">
              <value>
                <![CDATA[queueu]]>
              </value>
            </param>
            <param index="2">
              <value>
                <![CDATA[91454254]]>
              </value>
            </param>
            <param index="3">
              <value>
                <![CDATA[queeu@gmail.com]]>
              </value>
            </param>
            <param index="4">
              <value>
                <![CDATA[]]>
              </value>
            </param>
          </params>
          <reporter-output>
          </reporter-output>
        </test-method> <!-- doRegister -->
        <test-method is-config="true" signature="doAssert()[pri:0, instance:com.qc.tests.RegisterTest@5552768b]" started-at="2024-01-06T09:35:29 IST" name="doAssert" finished-at="2024-01-06T09:35:29 IST" duration-ms="12" status="PASS">
          <reporter-output>
          </reporter-output>
        </test-method> <!-- doAssert -->
        <test-method is-config="true" signature="locateElement()[pri:0, instance:com.qc.tests.RegisterTest@5552768b]" started-at="2024-01-06T09:35:29 IST" name="locateElement" finished-at="2024-01-06T09:35:30 IST" duration-ms="316" status="PASS">
          <reporter-output>
          </reporter-output>
        </test-method> <!-- locateElement -->
        <test-method signature="doRegister(java.lang.String,java.lang.String,java.lang.String,java.lang.String,java.lang.String)[pri:0, instance:com.qc.tests.RegisterTest@5552768b]" started-at="2024-01-06T09:35:30 IST" name="doRegister" data-provider="registerData" finished-at="2024-01-06T09:35:30 IST" duration-ms="491" status="PASS">
          <params>
            <param index="0">
              <value>
                <![CDATA[All are valid]]>
              </value>
            </param>
            <param index="1">
              <value>
                <![CDATA[queueu]]>
              </value>
            </param>
            <param index="2">
              <value>
                <![CDATA[9145425494]]>
              </value>
            </param>
            <param index="3">
              <value>
                <![CDATA[queue@gmail.com]]>
              </value>
            </param>
            <param index="4">
              <value>
                <![CDATA[123456]]>
              </value>
            </param>
          </params>
          <reporter-output>
          </reporter-output>
        </test-method> <!-- doRegister -->
        <test-method is-config="true" signature="doAssert()[pri:0, instance:com.qc.tests.RegisterTest@5552768b]" started-at="2024-01-06T09:35:30 IST" name="doAssert" finished-at="2024-01-06T09:35:30 IST" duration-ms="46" status="PASS">
          <reporter-output>
          </reporter-output>
        </test-method> <!-- doAssert -->
        <test-method is-config="true" signature="tearDown()[pri:0, instance:com.qc.tests.RegisterTest@5552768b]" started-at="2024-01-06T09:35:31 IST" name="tearDown" finished-at="2024-01-06T09:35:32 IST" duration-ms="345" status="PASS">
          <reporter-output>
          </reporter-output>
        </test-method> <!-- tearDown -->
      </class> <!-- com.qc.tests.RegisterTest -->
    </test> <!-- Test -->
  </suite> <!-- Suite -->
</testng-results>
