<?xml version="1.0" encoding="UTF-8"?>
<!-- Generated by org.testng.reporters.JUnitReportReporter -->
<testsuite hostname="DESKTOP-0BC8ILQ" failures="0" tests="7" name="com.qc.tests.LoginTest" time="17.555" errors="0" timestamp="2022-07-21T20:00:23 IST" skipped="0">
  <testcase classname="com.qc.tests.LoginTest" name="doLogin" time="2.292"/>
  <system-out/>
  <testcase classname="com.qc.tests.LoginTest" name="doLogin" time="2.349"/>
  <system-out/>
  <testcase classname="com.qc.tests.LoginTest" name="doLogin" time="2.341"/>
  <system-out/>
  <testcase classname="com.qc.tests.LoginTest" name="doLogin" time="2.523"/>
  <system-out/>
  <testcase classname="com.qc.tests.LoginTest" name="doLogin" time="3.231"/>
  <system-out/>
  <testcase classname="com.qc.tests.LoginTest" name="doLogin" time="2.292"/>
  <system-out/>
  <testcase classname="com.qc.tests.LoginTest" name="doLogin" time="2.527"/>
  <system-out/>
</testsuite> <!-- com.qc.tests.LoginTest -->
