<?xml version="1.0" encoding="UTF-8"?>
<!-- Generated by org.testng.reporters.JUnitReportReporter -->
<testsuite hostname="DESKTOP-0BC8ILQ" failures="0" tests="4" name="com.qc.tests.RegisterTest" time="11.530" errors="0" timestamp="2022-07-21T20:00:23 IST" skipped="0">
  <testcase classname="com.qc.tests.RegisterTest" name="doRegister" time="3.221"/>
  <system-out/>
  <testcase classname="com.qc.tests.RegisterTest" name="doRegister" time="2.675"/>
  <system-out/>
  <testcase classname="com.qc.tests.RegisterTest" name="doRegister" time="2.597"/>
  <system-out/>
  <testcase classname="com.qc.tests.RegisterTest" name="doRegister" time="3.037"/>
  <system-out/>
</testsuite> <!-- com.qc.tests.RegisterTest -->
